   Compiling proc-macro2 v1.0.105
   Compiling unicode-ident v1.0.22
   Compiling quote v1.0.43
   Compiling libc v0.2.180
    Checking cfg-if v1.0.4
   Compiling autocfg v1.5.0
    Checking once_cell v1.21.3
   Compiling crossbeam-utils v0.8.21
    Checking memchr v2.7.6
   Compiling rayon-core v1.13.0
    Checking bitflags v2.10.0
    Checking either v1.15.0
    Checking log v0.4.29
   Compiling serde_core v1.0.228
   Compiling anyhow v1.0.100
   Compiling thiserror v2.0.17
   Compiling rustix v1.1.3
   Compiling num-traits v0.2.19
   Compiling heck v0.5.0
   Compiling serde v1.0.228
    Checking tracing-core v0.1.36
    Checking regex-syntax v0.8.8
   Compiling syn v2.0.114
   Compiling zmij v1.0.15
    Checking smallvec v1.15.1
    Checking itoa v1.0.17
   Compiling serde_json v1.0.149
    Checking regex-automata v0.4.13
    Checking lazy_static v1.5.0
   Compiling rustix v0.38.44
   Compiling portable-atomic v1.13.0
    Checking powerfmt v0.2.0
    Checking pin-project-lite v0.2.16
    Checking deranged v0.5.5
    Checking crossbeam-epoch v0.9.18
    Checking crossbeam-deque v0.8.6
    Checking rayon v1.11.0
    Checking errno v0.3.14
    Checking matchers v0.2.0
    Checking sharded-slab v0.1.7
   Compiling thiserror-impl v2.0.17
   Compiling serde_derive v1.0.228
   Compiling tracing-attributes v0.1.31
    Checking tracing-log v0.2.0
    Checking thread_local v1.1.9
    Checking nu-ansi-term v0.50.3
    Checking time-core v0.1.7
    Checking utf8parse v0.2.2
    Checking unicode-width v0.2.2
    Checking core-foundation-sys v0.8.7
   Compiling zerocopy v0.8.33
    Checking num-conv v0.1.0
    Checking iana-time-zone v0.1.64
    Checking time v0.3.45
    Checking console v0.15.11
    Checking anstyle-parse v0.2.7
   Compiling zerocopy-derive v0.8.33
    Checking crossbeam-channel v0.5.15
    Checking same-file v1.0.6
    Checking colorchoice v1.0.4
    Checking anstyle-query v1.1.5
    Checking home v0.5.12
    Checking tracing v0.1.44
    Checking number_prefix v0.4.0
    Checking anstyle v1.0.13
    Checking is_terminal_polyfill v1.70.2
    Checking walkdir v2.5.0
    Checking anstream v0.6.21
    Checking xattr v1.6.1
    Checking num_cpus v1.17.0
    Checking filetime v0.2.26
    Checking clap_lex v0.7.7
    Checking strsim v0.11.1
   Compiling clap_derive v4.5.49
   Compiling pkg-config v0.3.32
    Checking clap_builder v4.5.54
    Checking indicatif v0.17.11
   Compiling thiserror v1.0.69
    Checking num-integer v0.1.46
   Compiling thiserror-impl v1.0.69
   Compiling target-lexicon v0.13.3
    Checking num-bigint v0.4.6
    Checking which v6.0.3
   Compiling equator-macro v0.4.2
    Checking simd-adler32 v0.3.8
   Compiling winnow v0.7.14
    Checking num-rational v0.4.2
   Compiling version_check v0.9.5
    Checking clap v4.5.54
   Compiling toml_datetime v0.7.5+spec-1.1.0
   Compiling serde_spanned v1.0.4
    Checking equator v0.4.2
   Compiling ahash v0.8.12
   Compiling version-compare v0.2.1
   Compiling getrandom v0.3.4
   Compiling toml_parser v1.0.6+spec-1.1.0
    Checking arrayvec v0.7.6
   Compiling crc32fast v1.5.0
   Compiling toml v0.9.11+spec-1.1.0
    Checking adler2 v2.0.1
    Checking stable_deref_trait v1.2.1
    Checking as-slice v0.2.1
    Checking tracing-serde v0.2.0
    Checking chrono v0.4.43
    Checking tracing-subscriber v0.3.22
    Checking miniz_oxide v0.8.9
   Compiling num-derive v0.4.2
    Checking tracing-appender v0.2.4
    Checking shared_utils v0.2.0 (/Users/nyamiiko/Downloads/GitHub/modern_format_boost/shared_utils)
   Compiling cfg-expr v0.20.5
   Compiling system-deps v7.0.7
   Compiling av-scenechange v0.14.1
   Compiling paste v1.0.15
   Compiling built v0.8.0
   Compiling dav1d-sys v0.8.3
   Compiling rav1e v0.8.1
    Checking aligned-vec v0.6.4
    Checking aligned v0.4.3
   Compiling profiling-procmacros v1.0.17
    Checking v_frame v0.3.9
   Compiling arg_enum_proc_macro v0.3.4
    Checking nom v8.0.0
    Checking core2 v0.4.0
    Checking quick-error v2.0.1
    Checking y4m v0.8.0
   Compiling pastey v0.1.1
    Checking bitstream-io v4.9.0
    Checking profiling v1.0.17
    Checking flate2 v1.1.8
    Checking half v2.7.1
   Compiling libheif-sys v3.1.0+1.18.2
    Checking maybe-rayon v0.1.1
   Compiling fax_derive v0.2.0
   Compiling simd_helpers v0.1.0
    Checking itertools v0.14.0
    Checking bytes v1.11.0
    Checking static_assertions v1.1.0
   Compiling noop_proc_macro v0.3.0
    Checking weezl v0.1.12
    Checking imgref v1.12.0
    Checking zune-core v0.4.12
    Checking new_debug_unreachable v1.0.6
    Checking byte-slice-cast v1.2.3
    Checking av1-grain v0.2.5
    Checking loop9 v0.1.5
    Checking hashbrown v0.13.2
    Checking fax v0.2.6
    Checking zune-jpeg v0.4.21
    Checking av-data v0.4.4
    Checking fallible_collections v0.4.9
    Checking avif-serialize v0.8.6
    Checking fdeflate v0.3.7
    Checking zune-inflate v0.2.54
    Checking pxfm v0.1.27
    Checking bitreader v0.3.11
    Checking zune-core v0.5.1
    Checking bit_field v0.10.3
    Checking rgb v0.8.52
    Checking lebe v0.5.3
    Checking bytemuck v1.24.0
    Checking byteorder v1.5.0
    Checking color_quant v1.1.0
    Checking byteorder-lite v0.1.0
    Checking gif v0.14.1
    Checking mp4parse v0.17.0
    Checking image-webp v0.2.4
    Checking qoi v0.4.1
    Checking exr v1.74.0
    Checking zune-jpeg v0.5.9
    Checking png v0.18.0
    Checking moxcms v0.7.11
   Compiling enumn v0.1.14
    Checking four-cc v0.4.0
    Checking fastrand v2.3.0
   Compiling imgquality-hevc v0.1.0 (/Users/nyamiiko/Downloads/GitHub/modern_format_boost/imgquality_hevc)
    Checking tempfile v3.24.0
    Checking rand_core v0.9.5
   Compiling imgquality-av1 v0.1.0 (/Users/nyamiiko/Downloads/GitHub/modern_format_boost/imgquality_av1)
    Checking ppv-lite86 v0.2.21
    Checking wait-timeout v0.2.1
    Checking fnv v1.0.7
    Checking bit-vec v0.8.0
    Checking quick-error v1.2.3
    Checking rusty-fork v0.3.1
    Checking bit-set v0.8.0
    Checking rand_chacha v0.9.0
    Checking rand v0.9.2
    Checking rand_xorshift v0.4.0
    Checking vidquality-hevc v0.1.0 (/Users/nyamiiko/Downloads/GitHub/modern_format_boost/vidquality_hevc)
    Checking tiff v0.10.3
    Checking vidquality-av1 v0.1.0 (/Users/nyamiiko/Downloads/GitHub/modern_format_boost/vidquality_av1)
    Checking unarray v0.1.4
    Checking proptest v1.9.0
    Checking dav1d v0.10.4
    Checking xmp_merger v1.0.0 (/Users/nyamiiko/Downloads/GitHub/modern_format_boost/xmp_merger)
    Checking libheif-rs v1.1.0
    Checking ravif v0.12.0
    Checking image v0.25.9
    Finished `dev` profile [unoptimized + debuginfo] target(s) in 20.51s
   Compiling cfg-if v1.0.4
   Compiling once_cell v1.21.3
   Compiling memchr v2.7.6
   Compiling bitflags v2.10.0
   Compiling smallvec v1.15.1
   Compiling libc v0.2.180
   Compiling crossbeam-utils v0.8.21
   Compiling num-traits v0.2.19
   Compiling log v0.4.29
   Compiling either v1.15.0
   Compiling serde_core v1.0.228
   Compiling thiserror v2.0.17
   Compiling tracing-core v0.1.36
   Compiling anyhow v1.0.100
   Compiling regex-syntax v0.8.8
   Compiling itoa v1.0.17
   Compiling zmij v1.0.15
   Compiling pin-project-lite v0.2.16
   Compiling lazy_static v1.5.0
   Compiling powerfmt v0.2.0
   Compiling sharded-slab v0.1.7
   Compiling crossbeam-epoch v0.9.18
   Compiling deranged v0.5.5
   Compiling tracing-log v0.2.0
   Compiling tracing v0.1.44
   Compiling crossbeam-deque v0.8.6
   Compiling thread_local v1.1.9
   Compiling num-conv v0.1.0
   Compiling nu-ansi-term v0.50.3
   Compiling rayon-core v1.13.0
   Compiling time-core v0.1.7
   Compiling core-foundation-sys v0.8.7
   Compiling unicode-width v0.2.2
   Compiling zerocopy v0.8.33
   Compiling errno v0.3.14
   Compiling rustix v1.1.3
   Compiling iana-time-zone v0.1.64
   Compiling rustix v0.38.44
   Compiling console v0.15.11
   Compiling crossbeam-channel v0.5.15
   Compiling rayon v1.11.0
   Compiling time v0.3.45
   Compiling portable-atomic v1.13.0
   Compiling utf8parse v0.2.2
   Compiling number_prefix v0.4.0
   Compiling regex-automata v0.4.13
   Compiling home v0.5.12
   Compiling same-file v1.0.6
   Compiling which v6.0.3
   Compiling serde v1.0.228
   Compiling serde_json v1.0.149
   Compiling walkdir v2.5.0
   Compiling xattr v1.6.1
   Compiling anstyle-parse v0.2.7
   Compiling filetime v0.2.26
   Compiling num_cpus v1.17.0
   Compiling colorchoice v1.0.4
   Compiling anstyle v1.0.13
   Compiling anstyle-query v1.1.5
   Compiling is_terminal_polyfill v1.70.2
   Compiling strsim v0.11.1
   Compiling clap_lex v0.7.7
   Compiling num-integer v0.1.46
   Compiling tracing-serde v0.2.0
   Compiling chrono v0.4.43
   Compiling anstream v0.6.21
   Compiling thiserror v1.0.69
   Compiling num-bigint v0.4.6
   Compiling clap_builder v4.5.54
   Compiling simd-adler32 v0.3.8
   Compiling indicatif v0.17.11
   Compiling equator v0.4.2
   Compiling cfg-expr v0.20.5
   Compiling aligned-vec v0.6.4
   Compiling getrandom v0.3.4
   Compiling arrayvec v0.7.6
   Compiling stable_deref_trait v1.2.1
   Compiling adler2 v2.0.1
   Compiling miniz_oxide v0.8.9
   Compiling as-slice v0.2.1
   Compiling v_frame v0.3.9
   Compiling ahash v0.8.12
   Compiling aligned v0.4.3
   Compiling crc32fast v1.5.0
   Compiling core2 v0.4.0
   Compiling nom v8.0.0
   Compiling quick-error v2.0.1
   Compiling y4m v0.8.0
   Compiling system-deps v7.0.7
   Compiling matchers v0.2.0
   Compiling num-rational v0.4.2
   Compiling tracing-subscriber v0.3.22
   Compiling flate2 v1.1.8
   Compiling av-scenechange v0.14.1
   Compiling profiling v1.0.17
   Compiling bitstream-io v4.9.0
   Compiling hashbrown v0.13.2
   Compiling maybe-rayon v0.1.1
   Compiling half v2.7.1
   Compiling itertools v0.14.0
   Compiling clap v4.5.54
   Compiling dav1d-sys v0.8.3
   Compiling weezl v0.1.12
   Compiling static_assertions v1.1.0
   Compiling zune-core v0.4.12
   Compiling bytes v1.11.0
   Compiling new_debug_unreachable v1.0.6
   Compiling byte-slice-cast v1.2.3
   Compiling imgref v1.12.0
   Compiling loop9 v0.1.5
   Compiling zune-jpeg v0.4.21
   Compiling fallible_collections v0.4.9
   Compiling tracing-appender v0.2.4
   Compiling av-data v0.4.4
   Compiling fax v0.2.6
   Compiling shared_utils v0.2.0 (/Users/nyamiiko/Downloads/GitHub/modern_format_boost/shared_utils)
   Compiling avif-serialize v0.8.6
   Compiling zune-inflate v0.2.54
   Compiling fdeflate v0.3.7
   Compiling pxfm v0.1.27
   Compiling bitreader v0.3.11
   Compiling zune-core v0.5.1
   Compiling fastrand v2.3.0
   Compiling bytemuck v1.24.0
   Compiling rgb v0.8.52
   Compiling color_quant v1.1.0
   Compiling lebe v0.5.3
   Compiling byteorder v1.5.0
   Compiling bit_field v0.10.3
   Compiling av1-grain v0.2.5
   Compiling byteorder-lite v0.1.0
   Compiling exr v1.74.0
   Compiling mp4parse v0.17.0
   Compiling gif v0.14.1
   Compiling qoi v0.4.1
   Compiling image-webp v0.2.4
   Compiling zune-jpeg v0.5.9
   Compiling tempfile v3.24.0
   Compiling png v0.18.0
   Compiling rav1e v0.8.1
   Compiling dav1d v0.10.4
   Compiling libheif-sys v3.1.0+1.18.2
   Compiling tiff v0.10.3
   Compiling four-cc v0.4.0
   Compiling rand_core v0.9.5
   Compiling libheif-rs v1.1.0
   Compiling ppv-lite86 v0.2.21
   Compiling wait-timeout v0.2.1
   Compiling fnv v1.0.7
   Compiling quick-error v1.2.3
   Compiling bit-vec v0.8.0
   Compiling moxcms v0.7.11
   Compiling bit-set v0.8.0
   Compiling rusty-fork v0.3.1
   Compiling rand_chacha v0.9.0
   Compiling rand_xorshift v0.4.0
   Compiling rand v0.9.2
   Compiling unarray v0.1.4
   Compiling proptest v1.9.0
   Compiling vidquality-hevc v0.1.0 (/Users/nyamiiko/Downloads/GitHub/modern_format_boost/vidquality_hevc)
   Compiling vidquality-av1 v0.1.0 (/Users/nyamiiko/Downloads/GitHub/modern_format_boost/vidquality_av1)
   Compiling ravif v0.12.0
   Compiling image v0.25.9
   Compiling xmp_merger v1.0.0 (/Users/nyamiiko/Downloads/GitHub/modern_format_boost/xmp_merger)
   Compiling imgquality-hevc v0.1.0 (/Users/nyamiiko/Downloads/GitHub/modern_format_boost/imgquality_hevc)
   Compiling imgquality-av1 v0.1.0 (/Users/nyamiiko/Downloads/GitHub/modern_format_boost/imgquality_av1)
    Finished `test` profile [unoptimized + debuginfo] target(s) in 18.89s
     Running unittests src/lib.rs (target/debug/deps/imgquality_av1-f304b24247e94da6)

running 34 tests
test analyzer::tests::test_psnr_estimation ... ok
test analyzer::tests::test_ssim_estimation ... ok
test analyzer::tests::test_quality_boundaries ... ok
test detection_api::tests::test_detect_nonexistent_file ... ok
test conversion_api::tests::test_gif_animated_strategy ... ok
test conversion_api::tests::test_jpeg_strategy ... ok
test formats::tests::test_error_handling_nonexistent ... ok
test heic_analysis::tests::test_is_heic_file ... ok
test jpeg_analysis::tests::test_generate_standard_qt_q1 ... ok
test detection_api::tests::test_detect_jpeg_format ... ok
test jpeg_analysis::tests::test_generate_standard_qt_q100 ... ok
test formats::tests::test_webp_lossless_detection ... ok
test formats::tests::test_gif_frame_count ... ok
test jpeg_analysis::tests::test_generate_standard_qt_q50 ... ok
test formats::tests::test_jxl_codestream_signature ... ok
test jpeg_analysis::tests::test_estimate_quality_perfect_match ... ok
test jpeg_analysis::tests::test_weighted_sse_identical ... ok
test jpeg_analysis::tests::test_sse_identical ... ok
test lossless_converter::tests::test_get_output_path_same_file_error ... ok
test detection_api::tests::test_detect_png_format ... ok
test jpeg_analysis::tests::test_confidence_exact_match ... ok
test metrics::tests::test_gaussian_window ... ok
test lossless_converter::tests::test_get_output_path ... ok
test quality_core::tests::test_format_lossless ... ok
test quality_core::tests::test_recommendation_animated_lossy ... ok
test lossless_converter::tests::test_get_output_path_with_dir ... ok
test quality_core::tests::test_recommendation_animated_lossless ... ok
test quality_core::tests::test_recommendation_static_lossless ... ok
test quality_core::tests::test_recommendation_static_lossy ... ok
test recommender::tests::test_png_recommendation ... ok
test jpeg_analysis::tests::test_chrominance_detection ... ok
test jpeg_analysis::tests::test_estimate_quality_all_levels ... ok
test metrics::tests::test_identical_images ... ok
test metrics::tests::test_different_images ... ok

test result: ok. 34 passed; 0 failed; 0 ignored; 0 measured; 0 filtered out; finished in 0.04s

     Running unittests src/main.rs (target/debug/deps/imgquality_av1-1e9b79c0e4a89ddf)

running 0 tests

test result: ok. 0 passed; 0 failed; 0 ignored; 0 measured; 0 filtered out; finished in 0.00s

     Running unittests src/lib.rs (target/debug/deps/imgquality_hevc-da23a895516add52)

running 54 tests
test analyzer::tests::test_psnr_estimation ... ok
test analyzer::tests::test_quality_boundaries ... ok
test analyzer::tests::test_ssim_estimation ... ok
test conversion_api::tests::test_gif_animated_strategy ... ok
test conversion_api::tests::test_jpeg_strategy ... ok
test detection_api::tests::test_detect_nonexistent_file ... ok
test formats::tests::test_error_handling_nonexistent_file ... ok
test detection_api::tests::test_detect_jpeg_format ... ok
test detection_api::tests::test_detect_png_format ... ok
test detection_api::tests::test_detect_gif_format ... ok
test heic_analysis::tests::test_is_heic_file ... ok
test detection_api::tests::test_detect_webp_format ... ok
test detection_api::tests::test_detect_unknown_format ... ok
test formats::tests::test_gif_frame_count ... ok
test formats::tests::test_png_compression_with_real_data ... ok
test formats::tests::test_jpeg_quality_with_real_data ... ok
test formats::tests::test_webp_lossy_detection ... ok
test formats::tests::test_jxl_codestream_signature ... ok
test jpeg_analysis::tests::test_generate_standard_qt_q1 ... ok
test formats::tests::test_webp_lossless_detection ... ok
test jpeg_analysis::tests::test_confidence_exact_match ... ok
test jpeg_analysis::tests::test_generate_standard_qt_q100 ... ok
test jpeg_analysis::tests::test_generate_standard_qt_q50 ... ok
test jpeg_analysis::tests::test_estimate_quality_perfect_match ... ok
test jpeg_analysis::tests::test_sse_identical ... ok
test jpeg_analysis::tests::test_weighted_sse_identical ... ok
test lossless_converter::tests::test_apple_compat_routing_boundary_3_seconds ... ok
test lossless_converter::tests::test_apple_compat_routing_long_low_quality ... ok
test lossless_converter::tests::test_apple_compat_routing_boundary_under_3_seconds ... ok
test lossless_converter::tests::test_apple_compat_routing_short_high_quality ... ok
test lossless_converter::tests::test_apple_compat_routing_short_low_quality ... ok
test lossless_converter::tests::test_format_classification_no_overlap ... ok
test lossless_converter::tests::test_get_output_path_same_file_error ... ok
test lossless_converter::tests::test_get_output_path ... ok
test lossless_converter::tests::test_get_output_path_with_dir ... ok
test lossless_converter::tests::test_is_high_quality_1080p ... ok
test lossless_converter::tests::test_is_high_quality_720p ... ok
test lossless_converter::tests::test_is_high_quality_height_only ... ok
test lossless_converter::tests::test_is_high_quality_total_pixels ... ok
test lossless_converter::tests::test_is_high_quality_width_only ... ok
test lossless_converter::tests::test_is_not_high_quality_480p ... ok
test lossless_converter::tests::test_is_not_high_quality_small ... ok
test lossless_converter::tests::test_is_not_high_quality_typical_gif ... ok
test metrics::tests::test_gaussian_window ... ok
test quality_core::tests::test_format_lossless ... ok
test jpeg_analysis::tests::test_chrominance_detection ... ok
test quality_core::tests::test_recommendation_animated_lossless ... ok
test quality_core::tests::test_recommendation_animated_lossy ... ok
test quality_core::tests::test_recommendation_static_lossless ... ok
test quality_core::tests::test_recommendation_static_lossy ... ok
test recommender::tests::test_png_recommendation ... ok
test metrics::tests::test_different_images ... ok
test metrics::tests::test_identical_images ... ok
test jpeg_analysis::tests::test_estimate_quality_all_levels ... ok

test result: ok. 54 passed; 0 failed; 0 ignored; 0 measured; 0 filtered out; finished in 0.05s

     Running unittests src/main.rs (target/debug/deps/imgquality_hevc-70b8a867de334120)

running 0 tests

test result: ok. 0 passed; 0 failed; 0 ignored; 0 measured; 0 filtered out; finished in 0.00s

     Running tests/test_explorer.rs (target/debug/deps/test_explorer-84f6f6af431d318c)

running 11 tests
test test_binary_search_precision ... ok
test test_full_exploration_workflow ... ignored
test test_low_resolution_gif_handling ... ignored
test test_crf_range_validation ... ok
test test_quality_degrades_with_higher_crf ... ignored
test test_ssim_calculation_accuracy ... ignored
test test_psnr_threshold_validation ... ok
test test_ssim_threshold_validation ... ok
test test_quality_thresholds_customization ... ok
test test_explore_result_fields ... ok
test test_target_ratio_validation ... ok

test result: ok. 7 passed; 0 failed; 4 ignored; 0 measured; 0 filtered out; finished in 0.00s

     Running unittests src/lib.rs (target/debug/deps/shared_utils-e6d896998046bafe)

running 735 tests
test app_error::tests::test_app_error_is_recoverable ... ok
test app_error::tests::test_app_error_is_skip ... ok
test app_error::tests::test_app_error_from_io ... ok
test app_error::tests::test_app_error_category ... ok
test app_error::tests::test_app_error_user_message ... ok
test app_error::tests::test_with_command ... ok
test app_error::tests::test_with_file_path ... ok
test app_error::tests::test_with_operation ... ok
test batch::tests::test_batch_result_mixed ... ok
test batch::tests::test_batch_result_new ... ok
test batch::tests::test_batch_result_skip ... ok
test batch::tests::test_batch_result_fail ... ok
test batch::tests::test_batch_result_success ... ok
test batch::tests::test_consistency_success_rate ... ok
test batch::tests::test_success_rate_50_percent ... ok
test batch::tests::test_strict_success_rate_formula ... ok
test batch::tests::test_success_rate_all_fail ... ok
test batch::tests::test_success_rate_all_success ... ok
test batch::tests::test_success_rate_empty ... ok
test batch::tests::test_total_equals_sum ... ok
test batch::tests::test_success_rate_with_skipped ... ok
test checkpoint::tests::test_checkpoint_new_creates_progress_dir ... ok
test checkpoint::tests::test_checkpoint_clear_progress ... ok
test checkpoint::tests::test_checkpoint_resume_mode ... ok
test checkpoint::tests::test_checkpoint_mark_and_check_completed ... ok
test checkpoint::tests::test_safe_delete_original_protects_on_missing_output ... ok
test checkpoint::tests::test_verify_output_integrity_empty_file ... ok
test checkpoint::tests::test_safe_delete_original_protects_on_invalid_output ... ok
test checkpoint::tests::test_safe_delete_original_success ... ok
test checkpoint::tests::test_verify_output_integrity_nonexistent ... ok
test codecs::tests::test_codec_info_av1 ... ok
test codecs::tests::test_codec_info_ffv1 ... ok
test codecs::tests::test_codec_info_h264 ... ok
test codecs::tests::test_codec_info_hevc ... ok
test checkpoint::tests::test_verify_output_integrity_too_small ... ok
test codecs::tests::test_codec_info_prores ... ok
test checkpoint::tests::test_verify_output_integrity_valid_file ... ok
test codecs::tests::test_codec_info_unknown ... ok
test codecs::tests::test_detected_codec_animation ... ok
test codecs::tests::test_detected_codec_av1_variants ... ok
test codecs::tests::test_detected_codec_h264_variants ... ok
test codecs::tests::test_detected_codec_hevc_variants ... ok
test codecs::tests::test_detected_codec_lossless ... ok
test codecs::tests::test_detected_codec_legacy ... ok
test codecs::tests::test_detected_codec_production ... ok
test codecs::tests::test_detected_codec_unknown ... ok
test codecs::tests::test_detected_codec_vp9_variants ... ok
test codecs::tests::test_detected_codec_vvc_variants ... ok
test codecs::tests::test_detected_codec_wmv ... ok
test codecs::tests::test_is_lossless_codecs ... ok
test codecs::tests::test_is_production_codecs ... ok
test codecs::tests::test_strict_codec_names ... ok
test codecs::tests::test_strict_lossless_accuracy ... ok
test codecs::tests::test_strict_modern_skip_consistency ... ok
test common_utils::tests::test_compute_relative_path ... ok
test codecs::tests::test_is_modern_codecs ... ok
test common_utils::tests::test_ensure_dir_exists ... ok
test common_utils::tests::test_copy_file_with_context ... ok
test common_utils::tests::test_extract_digits ... ok
test common_utils::tests::test_ensure_parent_dir_exists ... ok
test common_utils::tests::test_format_command_string ... ok
test common_utils::tests::test_has_extension ... ok
test common_utils::tests::test_get_extension_lowercase ... ok
test common_utils::tests::test_is_hidden_file ... ok
test common_utils::tests::test_normalize_path_string ... ok
test common_utils::tests::test_parse_float_or_default ... ok
test common_utils::tests::test_truncate_string ... ok
test conversion::tests::test_all_flag_combinations_with_gpu_cpu ... ok
test conversion::tests::test_calculate_size_reduction_50_percent ... ok
test conversion::tests::test_calculate_size_reduction_75_percent ... ok
test conversion::tests::test_calculate_size_reduction_increase ... ok
test conversion::tests::test_calculate_size_reduction_no_change ... ok
test conversion::tests::test_calculate_size_reduction_small_increase ... ok
test conversion::tests::test_consistency_format_message ... ok
test conversion::tests::test_consistency_size_reduction ... ok
test conversion::tests::test_conversion_result_size_increase ... ok
test conversion::tests::test_conversion_result_success ... ok
test conversion::tests::test_convert_options_all_flags_enabled ... ok
test conversion::tests::test_convert_options_clone ... ok
test conversion::tests::test_convert_options_cpu_mode ... ok
test conversion::tests::test_convert_options_debug ... ok
test conversion::tests::test_convert_options_default ... ok
test conversion::tests::test_convert_options_default_use_gpu ... ok
test conversion::tests::test_convert_options_delete_original ... ok
test conversion::tests::test_convert_options_explore_mode_mapping ... ok
test conversion::tests::test_convert_options_gpu_mode_explicit ... ok
test conversion::tests::test_convert_options_in_place ... ok
test conversion::tests::test_convert_options_invalid_flag_combination ... ok
test conversion::tests::test_determine_output_path ... ok
test conversion::tests::test_determine_output_path_various_extensions ... ok
test conversion::tests::test_determine_output_path_with_dir ... ok
test conversion::tests::test_flag_mode_with_cpu ... ok
test conversion::tests::test_flag_mode_with_gpu ... ok
test conversion::tests::test_format_size_change_increase ... ok
test conversion::tests::test_format_size_change_no_change ... ok
test conversion::tests::test_format_size_change_reduction ... ok
test conversion::tests::test_should_delete_original_both_false ... ok
test conversion::tests::test_should_delete_original_both_true ... ok
test conversion::tests::test_should_delete_original_delete_true ... ok
test conversion::tests::test_should_delete_original_inplace_true ... ok
test conversion::tests::test_strict_large_file_sizes ... ok
test conversion::tests::test_strict_size_reduction_formula ... ok
test conversion::tests::test_strict_small_file_sizes ... ok
test crf_constants::tests::test_av1_crf_range ... ok
test crf_constants::tests::test_av1_practical_max ... FAILED
test crf_constants::tests::test_cache_constants ... ok
test crf_constants::tests::test_hevc_crf_range ... ok
test crf_constants::tests::test_hevc_practical_max ... FAILED
test crf_constants::tests::test_iteration_limits ... ok
test crf_constants::tests::test_vp9_crf_range ... ok
test crf_constants::tests::test_x264_crf_range ... ok
test date_analysis::tests::test_date_source_priority ... ok
test date_analysis::tests::test_parse_date ... ok
test error_handler::prop_tests::prop_error_category_display ... ok
test error_handler::prop_tests::prop_error_handling_consistency ... ok
test error_handler::tests::test_add_context ... ok
test error_handler::tests::test_error_chain_reporting ... ok
test error_handler::tests::test_fatal_error ... ok
test error_handler::tests::test_install_panic_handler ... ok
test error_handler::tests::test_optional_error ... ok
test error_handler::tests::test_recoverable_error ... ok
test error_handler::tests::test_report_error ... ok
test error_handler::tests::test_result_ext_trait ... ok
test common_utils::tests::test_execute_command_with_logging ... ok
test explore_strategy::prop_tests::prop_crf_cache_025_step_uniqueness ... ok
test app_error::property_tests::app_error_recoverability_property ... ok
test app_error::property_tests::app_error_has_category ... ok
test app_error::property_tests::app_error_has_user_message ... ok
test checkpoint::tests::test_checkpoint_lock_acquire_release ... ok
test checkpoint::tests::test_checkpoint_cleanup ... ok
test explore_strategy::prop_tests::prop_crf_cache_key_uniqueness ... ok
test explore_strategy::prop_tests::prop_psnr_to_ssim_mapping_valid ... ok
test explore_strategy::prop_tests::prop_strategy_selection_consistency ... ok
test explore_strategy::prop_tests::prop_crf_cache_backward_compatible ... ok
test explore_strategy::tests::test_crf_cache_basic_operations ... ok
test explore_strategy::tests::test_crf_cache_boundary_values ... ok
test explore_strategy::tests::test_crf_cache_overwrite ... ok
test explore_strategy::tests::test_ssim_result_creation ... ok
test explore_strategy::prop_tests::prop_crf_cache_boundary_safe ... ok
test explore_strategy::tests::test_crf_cache_precision ... ok
test explore_strategy::tests::test_strategy_name_consistency ... ok
test explore_strategy::prop_tests::prop_strategy_has_valid_metadata ... ok
test explore_strategy::prop_tests::prop_crf_cache_equivalence ... ok
test ffmpeg_process::tests::test_format_ffmpeg_error_empty ... ok
test ffmpeg_process::tests::test_format_ffmpeg_error_no_error_line ... ok
test ffmpeg_process::tests::test_format_ffmpeg_error_with_error_line ... ok
test ffmpeg_process::tests::test_is_recoverable_error ... ok
test ffmpeg_process::tests::test_progress_parser_fps ... ok
test ffmpeg_process::tests::test_progress_parser_frame ... ok
test ffmpeg_process::tests::test_progress_parser_time ... ok
test ffprobe::tests::test_consistency_bit_depth ... ok
test ffprobe::tests::test_consistency_frame_rate ... ok
test ffprobe::tests::test_detect_bit_depth_10bit ... ok
test ffprobe::tests::test_detect_bit_depth_12bit ... ok
test ffprobe::tests::test_detect_bit_depth_16bit ... ok
test ffprobe::tests::test_detect_bit_depth_8bit ... ok
test ffprobe::tests::test_detect_bit_depth_unknown ... ok
test ffprobe::tests::test_parse_frame_rate_decimal ... ok
test ffprobe::tests::test_parse_frame_rate_edge_cases ... ok
test ffprobe::tests::test_parse_frame_rate_fraction ... ok
test ffprobe::tests::test_parse_frame_rate_high_fps ... ok
test ffprobe::tests::test_parse_frame_rate_ntsc ... ok
test ffprobe::tests::test_strict_bit_depth_exact ... ok
test ffprobe::tests::test_strict_ntsc_precision ... ok
test common_utils::tests::test_is_command_available ... ok
test ffmpeg_process::prop_tests::prop_progress_parser_frame_accuracy ... ok
test ffprobe_json::tests::test_parse_empty_streams ... ok
test ffprobe_json::tests::test_parse_missing_fields ... ok
test ffprobe_json::tests::test_parse_valid_json ... ok
test file_copier::tests::test_should_copy_file ... ok
test file_sorter::tests::test_empty_list ... ok
test ffmpeg_process::prop_tests::prop_progress_parser_time_accuracy ... ok
test file_sorter::tests::test_file_info_nonexistent ... ok
test file_sorter::tests::test_file_info_creation ... ok
test file_sorter::tests::test_single_file ... ok
test file_sorter::tests::test_same_size_files ... ok
test file_sorter::tests::test_sort_by_name ... ok
test file_sorter::tests::test_sort_by_size_ascending ... ok
test file_sorter::tests::test_sort_by_size_descending ... ok
test file_sorter::tests::test_sort_strategy_none ... ok
test file_sorter::tests::test_strict_sorting_correctness ... ok
test flag_validator::tests::test_all_boolean_combinations_handled ... ok
test flag_validator::tests::test_exactly_one_invalid_combination ... ok
test flag_validator::tests::test_flag_mode_clone ... ok
test flag_validator::tests::test_flag_mode_copy ... ok
test flag_validator::tests::test_flag_mode_debug ... ok
test flag_validator::tests::test_flag_mode_description_cn ... ok
test flag_validator::tests::test_flag_mode_description_en ... ok
test flag_validator::tests::test_flag_mode_display ... ok
test flag_validator::tests::test_flag_mode_equality ... ok
test flag_validator::tests::test_invalid_combination ... ok
test flag_validator::tests::test_invalid_combination_error_message ... ok
test flag_validator::tests::test_semantic_compress_only_vs_explore_only ... ok
test flag_validator::tests::test_semantic_compress_with_quality_vs_precise_with_compress ... ok
test flag_validator::tests::test_semantic_quality_modes ... ok
test flag_validator::tests::test_ultimate_invalid_alone ... ok
test flag_validator::tests::test_ultimate_invalid_partial_combination ... ok
test flag_validator::tests::test_ultimate_is_ultimate ... ok
test flag_validator::tests::test_ultimate_mode_description ... ok
test flag_validator::tests::test_ultimate_mode_display ... ok
test flag_validator::tests::test_ultimate_valid_combination ... ok
test flag_validator::tests::test_valid_combinations ... ok
test flag_validator::tests::test_validate_flags_result ... ok
test flag_validator::tests::test_validate_flags_result_all_combinations ... ok
test float_compare::property_tests::crf_comparison_symmetry_property ... ok
test float_compare::property_tests::crf_comparison_reflexivity_property ... ok
test ffprobe_json::prop_tests::prop_invalid_json_no_panic ... ok
test float_compare::property_tests::float_comparison_reflexivity_property ... ok
test float_compare::property_tests::float_comparison_symmetry_property ... ok
test float_compare::tests::test_approx_eq_crf ... ok
test float_compare::tests::test_approx_eq_f32_equal ... ok
test float_compare::tests::test_approx_eq_f32_outside_epsilon ... ok
test float_compare::tests::test_approx_eq_f32_within_epsilon ... ok
test float_compare::property_tests::ssim_comparison_reflexivity_property ... ok
test float_compare::tests::test_approx_eq_f64_equal ... ok
test float_compare::tests::test_approx_eq_f64_outside_epsilon ... ok
test float_compare::tests::test_approx_eq_f64_within_epsilon ... ok
test float_compare::tests::test_approx_eq_reflexivity ... ok
test float_compare::tests::test_approx_eq_ssim ... ok
test float_compare::tests::test_approx_eq_symmetry ... ok
test float_compare::tests::test_approx_ge_f64 ... ok
test float_compare::tests::test_approx_le_f64 ... ok
test float_compare::tests::test_approx_zero_f32 ... ok
test float_compare::tests::test_approx_zero_f64 ... ok
test float_compare::tests::test_crf_in_range ... ok
test float_compare::tests::test_ssim_meets_threshold ... ok
test float_compare::property_tests::ssim_comparison_symmetry_property ... ok
test gpu_accel::tests::test_crf_to_bitrate ... ok
test gpu_accel::tests::test_derive_gpu_temp_extension_mkv ... ok
test gpu_accel::tests::test_derive_gpu_temp_extension_mp4 ... ok
test gpu_accel::tests::test_derive_gpu_temp_extension_no_ext ... ok
test gpu_accel::tests::test_derive_gpu_temp_extension_webm ... ok
test gpu_accel::tests::test_estimate_cpu_search_center ... ok
test gpu_accel::tests::test_gpu_boundary_to_cpu_range ... ok
test gpu_accel::prop_tests::prop_gpu_temp_common_formats ... ok
test gpu_accel::tests::test_gpu_encoder_crf_args ... ok
test checkpoint::tests::test_full_workflow_with_interruption ... ok
test gpu_accel::tests::test_videotoolbox_crf_mapping_crf_0 ... ok
test ffprobe_json::prop_tests::prop_json_parse_roundtrip ... ok
test gpu_accel::tests::test_videotoolbox_crf_mapping_crf_51 ... ok
test gpu_accel::tests::test_videotoolbox_crf_mapping_no_overflow ... ok
test gpu_accel::tests::test_videotoolbox_crf_mapping_various ... ok
test heartbeat_manager::tests::test_multiple_guards ... ok
test heartbeat_manager::tests::test_progress_bar_guard ... ok
test heartbeat_manager::tests::test_progress_bar_registration ... ok
test gpu_accel::prop_tests::prop_gpu_temp_extension_matches_output ... ok
test image_quality_detector::tests::test_alpha_detection ... ok
test explore_strategy::prop_tests::prop_size_cache_consistency ... ok
test ffmpeg_process::prop_tests::prop_format_error_non_empty ... ok
test explore_strategy::prop_tests::prop_ssim_cache_consistency ... ok
test image_quality_detector::tests::test_analyze_solid_color ... ok
test image_quality_detector::tests::test_classify_icon ... ok
test image_quality_detector::tests::test_animation_detection ... ok
test image_quality_detector::tests::test_analyze_checkerboard ... ok
test batch::tests::test_strict_large_numbers ... ok
test image_quality_detector::tests::test_edge_insufficient_data ... ok
test image_quality_detector::tests::test_edge_invalid_dimensions ... ok
test ffmpeg_process::prop_tests::prop_format_error_prefers_error_line ... ok
test image_quality_detector::tests::test_analyze_gradient ... ok
test image_quality_detector::tests::test_edge_minimum_size ... ok
test image_quality_detector::tests::test_analyze_noisy ... ok
test image_quality_detector::tests::test_consistency_scaling ... ok
test image_quality_detector::tests::test_metric_color_diversity_isolation ... ok
test image_quality_detector::tests::test_metric_edge_density_isolation ... ok
test image_quality_detector::tests::test_classify_graphic ... ok
test image_quality_detector::tests::test_strict_checkerboard_edges ... ok
test image_quality_detector::tests::test_metric_noise_isolation ... ok
test image_quality_detector::tests::test_metric_sharpness_isolation ... ok
test image_quality_detector::tests::test_strict_solid_complexity ... ok
test image_quality_detector::tests::test_classify_screenshot ... ok
test image_quality_detector::tests::test_consistency_same_input ... ok
test logging::tests::test_execute_external_command_checked_success ... ok
test logging::tests::test_execute_external_command_failure ... ok
test logging::tests::test_execute_external_command_success ... ok
test logging::tests::test_init_logging_creates_log_file ... ok
test logging::tests::test_log_config_builder ... ok
test logging::tests::test_log_config_default ... ok
test logging::tests::test_log_external_tool_captures_all_fields ... ok
test image_quality_detector::tests::test_strict_noise_complexity ... ok
test lru_cache::prop_tests::prop_corrupted_cache_recovery ... ok
test logging::tests::test_external_command_result_structure ... ok
test lru_cache::prop_tests::prop_serialization_round_trip ... ok
test lru_cache::tests::test_basic_operations ... ok
test lru_cache::tests::test_eviction ... ok
test image_quality_detector::tests::test_strict_compression_potential ... ok
test modern_ui::tests::test_format_duration ... ok
test modern_ui::tests::test_format_size ... ok
test modern_ui::tests::test_progress_bar ... ok
test modern_ui::tests::test_strip_ansi ... ok
test msssim_heartbeat::tests::test_beijing_time_format ... ok
test msssim_heartbeat::tests::test_beijing_time_offset ... ok
test lru_cache::prop_tests::prop_capacity_invariant ... ok
test image_quality_detector::tests::test_classify_photo ... ok
test lru_cache::tests::test_lru_order ... ok
test image_quality_detector::tests::test_skip_modern_formats ... ok
test msssim_parallel::tests::property_tests::prop_elapsed_time_calculation ... ok
test msssim_parallel::tests::property_tests::prop_performance_stats_format ... ok
test msssim_parallel::tests::property_tests::prop_result_combined_score ... ok
test image_quality_detector::tests::test_format_recommendations_by_content ... ok
test msssim_parallel::tests::test_msssim_result_print_stats ... ok
test msssim_parallel::tests::test_msssim_result_skipped ... ok
test msssim_parallel::tests::test_parallel_calculator_creation ... ok
test msssim_parallel::tests::property_tests::prop_speedup_calculation ... ok
test msssim_progress::tests::property_tests::prop_progress_output_format ... ok
test msssim_progress::tests::property_tests::prop_progress_parsing_correctness ... ok
test msssim_progress::tests::test_channel_score_storage ... ok
test msssim_progress::tests::property_tests::prop_progress_percentage_bounds ... ok
test msssim_progress::tests::test_print_progress ... ok
test msssim_progress::tests::test_progress_calculation ... ok
test msssim_progress::tests::test_progress_monitor_creation ... ok
test msssim_progress::tests::test_update_from_line ... ok
test msssim_progress::tests::test_zero_duration ... ok
test msssim_sampling::tests::test_ffmpeg_filter_generation ... ok
test msssim_sampling::tests::test_sampling_config_auto ... ok
test msssim_sampling::tests::test_sampling_config_force_options ... ok
test msssim_sampling::tests::test_sampling_strategy_boundaries ... ok
test msssim_sampling::tests::test_sampling_strategy_extremes ... ok
test path_validator::tests::test_all_dangerous_chars_detected ... ok
test path_validator::tests::test_dangerous_ampersand ... ok
test path_validator::tests::test_dangerous_backtick ... ok
test path_validator::tests::test_dangerous_dollar ... ok
test path_validator::tests::test_dangerous_newline ... ok
test path_validator::tests::test_dangerous_pipe ... ok
test path_validator::tests::test_dangerous_redirect ... ok
test path_validator::tests::test_dangerous_semicolon ... ok
test path_validator::tests::test_error_display ... ok
test path_validator::tests::test_safe_paths ... ok
test path_validator::tests::test_validate_paths_all_safe ... ok
test path_validator::tests::test_validate_paths_one_dangerous ... ok
test progress::tests::test_format_bytes ... ok
test progress::tests::test_format_duration ... ok
test progress::tests::test_truncate_filename ... ok
test logging::tests::test_cleanup_old_logs ... ok
test pure_media_verifier::prop_tests::prop_compression_judgment_correct ... ok
test pure_media_verifier::prop_tests::prop_container_overhead_issue_detection ... ok
test pure_media_verifier::tests::test_container_overhead_issue ... ok
test pure_media_verifier::tests::test_is_video_compressed ... ok
test pure_media_verifier::tests::test_video_compressed_success ... ok
test pure_media_verifier::tests::test_video_compression_ratio ... ok
test pure_media_verifier::prop_tests::prop_compression_ratio_correct ... ok
test pure_media_verifier::tests::test_video_not_compressed ... ok
test quality_matcher::test_apple_compat_case_insensitive ... ok
test quality_matcher::test_apple_compat_codec_detection ... ok
test quality_matcher::test_apple_compat_convert_av1 ... ok
test quality_matcher::test_apple_compat_codec_efficiency ... ok
test quality_matcher::test_apple_compat_convert_vp9 ... ok
test quality_matcher::test_apple_compat_convert_av2 ... ok
test quality_matcher::test_apple_compat_convert_vvc ... ok
test quality_matcher::test_apple_compat_hevc_crf_4k_hdr ... ok
test quality_matcher::test_apple_compat_hevc_crf_av1_source ... ok
test quality_matcher::test_apple_compat_hevc_crf_vp9_source ... ok
test quality_matcher::test_apple_compat_skip_hevc_only ... ok
test quality_matcher::test_apple_compat_legacy_codecs ... ok
test quality_matcher::test_apple_compat_vs_normal_mode ... ok
test quality_matcher::test_h264_apple_compat_should_not_skip ... ok
test quality_matcher::test_h264_should_not_skip ... ok
test quality_matcher::test_h264_to_hevc_crf_1080p_8mbps ... ok
test quality_matcher::test_h264_to_hevc_crf_4k_20mbps ... ok
test quality_matcher::test_h264_to_hevc_crf_720p_4mbps ... ok
test quality_matcher::test_h264_to_hevc_crf_low_bitrate ... ok
test quality_matcher::test_h264_to_hevc_crf_bluray_quality ... ok
test quality_matcher::test_h264_vs_av1_efficiency_comparison ... ok
test quality_matcher::test_strict_apple_compat_routing ... ok
test quality_matcher::tests::test_av1_crf_calculation ... ok
test quality_matcher::tests::test_chroma_factor ... ok
test quality_matcher::tests::test_codec_efficiency_ordering ... ok
test quality_matcher::tests::test_codec_properties ... ok
test quality_matcher::tests::test_confidence_calculation ... ok
test quality_matcher::tests::test_content_type_adjustment ... ok
test quality_matcher::tests::test_edge_10bit_hdr ... ok
test quality_matcher::tests::test_edge_extremely_high_bitrate ... ok
test quality_matcher::tests::test_edge_8k_resolution ... ok
test quality_matcher::tests::test_edge_extremely_low_bitrate ... ok
test quality_matcher::tests::test_edge_high_framerate ... ok
test quality_matcher::tests::test_edge_lossless_source ... ok
test quality_matcher::tests::test_edge_max_bframes ... ok
test quality_matcher::tests::test_edge_rgb_format ... ok
test quality_matcher::tests::test_edge_short_gop ... ok
test quality_matcher::tests::test_edge_small_resolution ... ok
test quality_matcher::tests::test_edge_ultrawide_cinema ... ok
test quality_matcher::tests::test_edge_vertical_video ... ok
test quality_matcher::tests::test_factor_bias_isolation ... ok
test quality_matcher::tests::test_factor_chroma_isolation ... ok
test quality_matcher::tests::test_factor_content_type_isolation ... ok
test quality_matcher::tests::test_factor_gop_isolation ... ok
test quality_matcher::tests::test_factor_hdr_isolation ... ok
test quality_matcher::tests::test_gop_factor ... ok
test quality_matcher::tests::test_hdr_factor ... ok
test quality_matcher::tests::test_hevc_crf_calculation ... ok
test quality_matcher::tests::test_invalid_dimensions_error ... ok
test quality_matcher::tests::test_jxl_distance_with_quality ... ok
test quality_matcher::tests::test_precision_1080p_h264_8mbps ... ok
test quality_matcher::tests::test_parse_source_codec ... ok
test quality_matcher::tests::test_precision_4k_h264_20mbps ... ok
test quality_matcher::tests::test_precision_animation_content ... ok
test quality_matcher::tests::test_precision_boundary_high_bpp ... ok
test quality_matcher::tests::test_precision_boundary_low_bpp ... ok
test quality_matcher::tests::test_precision_chroma_subsampling ... ok
test quality_matcher::tests::test_precision_codec_efficiency ... ok
test quality_matcher::tests::test_precision_consistency ... ok
test quality_matcher::tests::test_precision_film_grain_content ... ok
test quality_matcher::tests::test_precision_gop_structure ... ok
test quality_matcher::tests::test_precision_hdr_content ... ok
test quality_matcher::tests::test_precision_hevc_gif_source ... ok
test quality_matcher::tests::test_precision_jxl_jpeg_q85 ... ok
test quality_matcher::tests::test_precision_jxl_jpeg_q95 ... ok
test quality_matcher::tests::test_precision_mode_comparison ... ok
test quality_matcher::tests::test_precision_screen_recording ... ok
test quality_matcher::tests::test_precision_ultrawide_aspect ... ok
test quality_matcher::tests::test_quality_bias ... ok
test quality_matcher::tests::test_should_skip_image_format ... ok
test quality_matcher::tests::test_should_skip_video_codec ... ok
test quality_matcher::tests::test_strict_1080p_5mbps ... ok
test quality_matcher::tests::test_strict_4k_15mbps ... ok
test quality_matcher::tests::test_strict_720p_2mbps ... ok
test quality_matcher::tests::test_video_analysis_builder ... ok
test realtime_progress::detailed_progress_tests::test_progress_state_creation ... ok
test realtime_progress::detailed_progress_tests::test_progress_state_update ... ok
test realtime_progress::detailed_progress_tests::test_progress_state_format ... ok
test report::tests::test_health_rate_formula ... ok
test report::tests::test_print_health_report_no_panic ... ok
test report::tests::test_print_simple_summary_empty ... ok
test report::tests::test_print_simple_summary_no_panic ... ok
test report::tests::test_print_summary_report_no_panic ... ok
test report::tests::test_print_summary_report_zero_input ... ok
test report::tests::test_size_reduction_formula ... ok
test report::tests::test_strict_avg_time_calculation ... ok
test safety::tests::test_dangerous_directories ... ok
test safety::tests::test_extension_whitelist ... ok
test safety::tests::test_safe_directories ... ok
test smart_file_copier::tests::test_copy_on_skip_with_none ... ok
test msssim_progress::tests::test_monitor_ffmpeg_process_invalid_command ... ok
test ssim_mapping::prop_tests::prop_linear_interpolation_correctness ... ok
test ssim_mapping::prop_tests::prop_mapping_correction ... ok
test ssim_mapping::tests::test_insert_and_predict ... ok
test ssim_mapping::tests::test_not_enough_points ... ok
test ssim_mapping::tests::test_update ... ok
test stream_size::prop_tests::prop_container_overhead_non_negative ... ok
test stream_size::prop_tests::prop_fallback_estimation_reasonable ... ok
test stream_size::prop_tests::prop_overhead_percent_correct ... ok
test stream_size::prop_tests::prop_overhead_warning_threshold ... ok
test stream_size::prop_tests::prop_pure_media_size_correct ... ok
test stream_size::prop_tests::prop_pure_video_comparison_boundary ... ok
test stream_size::prop_tests::prop_pure_video_comparison_logic ... ok
test stream_size::prop_tests::prop_video_stream_size_le_total ... ok
test stream_size::tests::test_container_overhead_percent ... ok
test stream_size::tests::test_excessive_overhead ... ok
test stream_size::tests::test_extraction_method_confidence ... ok
test stream_size::tests::test_stream_size_info_methods ... ok
test image_quality_detector::tests::test_edge_large_image ... ok
test types::crf::tests::test_av1_crf_valid_range ... ok
test types::crf::tests::test_crf_cache_key_round_trip ... ok
test types::crf::tests::test_crf_clamped ... ok
test types::crf::tests::test_crf_default ... ok
test types::crf::tests::test_crf_display ... ok
test types::crf::tests::test_crf_nan_inf ... ok
test types::crf::tests::test_hevc_crf_valid_range ... ok
test types::file_size::tests::test_compression_ratio ... ok
test types::file_size::tests::test_compression_ratio_zero_original ... ok
test types::file_size::tests::test_display ... ok
test types::file_size::tests::test_file_size_creation ... ok
test types::file_size::tests::test_metadata_margin ... ok
test types::file_size::tests::test_saturating_sub ... ok
test types::file_size::tests::test_size_change_percent ... ok
test types::iteration::tests::test_iteration_error_display ... ok
test types::iteration::tests::test_iteration_guard_basic ... ok
test types::iteration::tests::test_iteration_guard_emergency_limit ... ok
test types::iteration::tests::test_iteration_guard_for_duration ... ok
test types::iteration::tests::test_iteration_guard_remaining ... ok
test types::iteration::tests::test_iteration_guard_reset ... ok
test types::iteration::tests::test_progress_percent ... ok
test types::property_tests::crf_av1_validation_property ... ok
test types::property_tests::crf_cache_key_round_trip_av1 ... ok
test tools::tests::test_check_tool ... ok
test types::property_tests::crf_cache_key_round_trip_hevc ... ok
test types::property_tests::crf_hevc_validation_property ... ok
test types::property_tests::file_size_compression_ratio_property ... ok
test types::property_tests::file_size_saturating_sub_property ... ok
test types::property_tests::iteration_guard_termination_property ... ok
test types::property_tests::ssim_display_precision_property ... ok
test types::ssim::tests::test_ssim_clamped ... ok
test types::ssim::tests::test_ssim_display_precision ... ok
test types::ssim::tests::test_ssim_invalid_range ... ok
test types::ssim::tests::test_ssim_meets_threshold ... ok
test types::ssim::tests::test_ssim_nan_inf ... ok
test types::ssim::tests::test_ssim_quality_description ... ok
test types::ssim::tests::test_ssim_valid_range ... ok
test universal_heartbeat::tests::test_config_presets ... ok
test universal_heartbeat::tests::test_format_elapsed ... ok
test types::property_tests::ssim_validation_property ... ok
test video::tests::test_build_video_filter_chain_simple ... ok
test video::tests::test_build_video_filter_chain_with_alpha ... ok
test video::tests::test_build_video_filter_chain_with_alpha_and_correction ... ok
test video::tests::test_build_video_filter_chain_with_correction ... ok
test video::tests::test_ensure_even_dimensions_already_even ... ok
test video::tests::test_ensure_even_dimensions_both_odd ... ok
test video::tests::test_ensure_even_dimensions_odd_height ... ok
test video::tests::test_ensure_even_dimensions_odd_width ... ok
test video::tests::test_get_dimension_correction_filter_needs_correction ... ok
test video::tests::test_get_dimension_correction_filter_no_correction ... ok
test video::tests::test_is_yuv420_compatible ... ok
test video_explorer::prop_tests_v69::prop_duration_fallback_calculation ... ok
test video_explorer::prop_tests_v69::prop_zero_gains_minimum_three ... ok
test video_explorer::prop_tests_v69::prop_zero_gains_scales_with_crf_range ... ok
test video_explorer::tests::test_adaptive_max_walls_boundary_conditions ... ok
test video_explorer::tests::test_adaptive_max_walls_defensive_checks ... ok
test video_explorer::tests::test_adaptive_max_walls_formula_correctness ... ok
test video_explorer::tests::test_adaptive_max_walls_monotonicity ... ok
test video_explorer::tests::test_binary_search_precision_proof ... ok
test video_explorer::tests::test_binary_search_worst_case ... ok
test video_explorer::tests::test_boundary_refinement_logic ... ok
test video_explorer::tests::test_crf_cache_key_roundtrip ... ok
test video_explorer::tests::test_crf_half_step_precision ... ok
test video_explorer::tests::test_crf_precision_guarantee ... ok
test video_explorer::tests::test_crf_to_cache_key_precision ... ok
test video_explorer::tests::test_evaluation_criteria_thresholds ... ok
test video_explorer::tests::test_explore_config_default ... ok
test video_explorer::tests::test_explore_config_precise_quality_match ... ok
test video_explorer::tests::test_explore_config_precise_quality_match_with_compression ... ok
test video_explorer::tests::test_explore_config_quality_match ... ok
test video_explorer::tests::test_explore_config_size_only ... ok
test video_explorer::tests::test_explore_mode_enum ... ok
test video_explorer::tests::test_explore_modes ... ok
test video_explorer::tests::test_flag_combinations_semantics ... ok
test video_explorer::tests::test_judge_mode_precise_quality_match_config ... ok
test video_explorer::tests::test_judge_mode_quality_match_config ... ok
test video_explorer::tests::test_judge_mode_size_only_config ... ok
test video_explorer::tests::test_max_iterations_protection ... ok
test video_explorer::tests::test_precision_constants ... ok
test video_explorer::tests::test_precision_crf_search_range_av1 ... ok
test video_explorer::tests::test_precision_crf_search_range_hevc ... ok
test video_explorer::tests::test_precision_crf_search_range_wide ... ok
test video_explorer::tests::test_precision_ssim_quality_grades ... ok
test video_explorer::tests::test_precision_ssim_threshold_edge_cases ... ok
test video_explorer::tests::test_precision_ssim_threshold_exact ... ok
test video_explorer::tests::test_quality_check_both_metrics ... ok
test video_explorer::tests::test_quality_check_ssim_only ... ok
test video_explorer::tests::test_quality_thresholds_default ... ok
test video_explorer::tests::test_quality_validation_failure_behavior ... ok
test video_explorer::tests::test_search_direction_logic ... ok
test video_explorer::tests::test_self_calibration_logic ... ok
test video_explorer::tests::test_smart_thresholds_av1 ... ok
test video_explorer::tests::test_smart_thresholds_continuity ... ok
test video_explorer::tests::test_smart_thresholds_edge_case_very_high_quality ... ok
test video_explorer::tests::test_smart_thresholds_edge_case_very_low_quality ... ok
test video_explorer::tests::test_smart_thresholds_hevc_high_quality ... ok
test video_explorer::tests::test_smart_thresholds_hevc_low_quality ... ok
test video_explorer::tests::test_three_modes_config_correctness ... ok
test video_explorer::tests::test_three_phase_iteration_estimate ... ok
test video_explorer::tests::test_ultimate_mode_constants ... ok
test video_explorer::tests::test_v413_bidirectional_fine_tune ... ok
test video_explorer::tests::test_v413_crf_precision_guarantee ... ok
test video_explorer::tests::test_v413_relative_change_rate ... ok
test video_explorer::tests::test_v413_sliding_window_variance ... ok
test video_explorer::tests::test_v413_three_phase_search ... ok
test video_explorer::tests::test_v4_content_type_ssim_convergence ... ok
test video_explorer::tests::test_v4_crf_cache_mechanism ... ok
test video_explorer::tests::test_v4_crf_precision_0_1 ... ok
test video_explorer::tests::test_v4_four_phase_search_strategy ... ok
test video_explorer::tests::test_v4_high_quality_source_handling ... ok
test video_explorer::tests::test_v4_low_quality_source_ceiling ... ok
test video_explorer::tests::test_v4_no_iteration_limit ... ok
test video_explorer::tests::test_v4_ssim_plateau_detection ... ok
test video_explorer::tests::test_v4_ssim_precision_ffmpeg ... ok
test video_explorer::tests::test_v4_ssim_quality_grades_extended ... ok
test video_explorer::tests::test_v4_target_ssim_near_lossless ... ok
test video_explorer::tests::test_video_encoder_containers ... ok
test smart_file_copier::tests::test_smart_copy_preserves_structure ... ok
test video_explorer::tests::test_vmaf_validity ... ok
test video_explorer::tests::test_zero_gains_long_video_override ... ok
test video_explorer::tests::test_zero_gains_minimum_guarantee ... ok
test video_explorer::tests::test_zero_gains_scaling_basic ... ok
test video_explorer::tests::test_video_encoder_names ... ok
test video_explorer_tests::boundary_tests::prop_margin_bounded ... ok
test video_explorer_tests::boundary_tests::test_compression_target_underflow_protection ... ok
test video_explorer_tests::boundary_tests::test_metadata_margin_boundary_u64_max ... ok
test video_explorer_tests::boundary_tests::test_small_file_threshold_boundary ... ok
test video_explorer_tests::boundary_tests::test_verify_compression_edge_cases ... ok
test video_explorer_tests::constants_tests::test_binary_search_iterations ... ok
test video_explorer_tests::constants_tests::test_crf_bounds ... FAILED
test video_explorer_tests::constants_tests::test_iteration_limits ... ok
test video_explorer_tests::dynamic_iteration_tests::test_iteration_bounds ... ok
test video_explorer_tests::dynamic_iteration_tests::test_log2_calculation ... ok
test video_explorer_tests::edge_case_tests::test_crf_precision ... ok
test video_explorer_tests::boundary_tests::prop_margin_monotonic ... ok
test video_explorer_tests::edge_case_tests::test_extreme_crf_values ... FAILED
test video_explorer_tests::edge_case_tests::test_ssim_bounds ... ok
test video_explorer_tests::edge_case_tests::test_zero_input_size ... ok
test video_explorer_tests::evaluation_consistency_tests::prop_early_termination_on_incompressible ... ok
test video_explorer_tests::evaluation_consistency_tests::prop_exploration_verification_consistency ... ok
test video_explorer_tests::evaluation_consistency_tests::test_container_overhead_does_not_affect_compression ... ok
test video_explorer_tests::evaluation_consistency_tests::test_pure_video_comparison_logic ... ok
test video_explorer_tests::explore_config_tests::test_compress_only_config ... ok
test video_explorer_tests::explore_config_tests::test_default_config ... ok
test video_explorer_tests::explore_config_tests::test_precise_quality_config ... ok
test video_explorer_tests::explore_config_tests::test_quality_match_config ... ok
test video_explorer_tests::explore_config_tests::test_size_only_config ... ok
test video_explorer_tests::explore_mode_tests::test_all_modes_exist ... ok
test video_explorer_tests::explore_mode_tests::test_mode_equality ... ok
test video_explorer_tests::explore_result_tests::test_result_no_compression ... ok
test video_explorer_tests::explore_result_tests::test_result_size_change_calculation ... ok
test video_explorer_tests::evaluation_consistency_tests::prop_input_video_stream_size_consistency ... ok
test video_explorer_tests::metadata_margin_tests::prop_can_compress_correctness ... ok
test video_explorer_tests::metadata_margin_tests::prop_margin_formula_correctness ... ok
test video_explorer_tests::metadata_margin_tests::test_can_compress_with_margin ... ok
test video_explorer_tests::metadata_margin_tests::test_detect_metadata_size ... ok
test video_explorer_tests::metadata_margin_tests::test_margin_extreme_cases ... ok
test video_explorer_tests::metadata_margin_tests::test_margin_formula_examples ... ok
test video_explorer_tests::metadata_margin_tests::test_pure_video_size ... ok
test video_explorer_tests::metadata_margin_tests::test_verify_compression_precise ... ok
test video_explorer_tests::metadata_margin_tests::test_verify_compression_simple ... ok
test video_explorer_tests::mock_tests::test_mock_cannot_compress_scenario ... ok
test video_explorer_tests::mock_tests::test_mock_deterministic_results ... ok
test video_explorer_tests::mock_tests::test_mock_psnr_ssim_mapping ... ok
test video_explorer_tests::mock_tests::test_mock_quality_never_passes_scenario ... ok
test video_explorer_tests::mock_tests::test_mock_single_iteration_success ... ok
test video_explorer_tests::precision_tests::test_crf_key_generation ... ok
test video_explorer_tests::metadata_margin_tests::prop_target_calculation_correctness ... ok
test video_explorer_tests::precision_tests::test_size_ratio_calculation ... ok
test video_explorer_tests::preset_consistency_tests::test_default_preset_is_medium ... ok
test video_explorer_tests::preset_consistency_tests::test_preset_names ... ok
test video_explorer_tests::preset_consistency_tests::prop_preset_consistency ... ok
test video_explorer_tests::psnr_transparency_tests::test_psnr_ssim_mapping_integration ... ok
test video_explorer_tests::psnr_transparency_tests::prop_psnr_transparency_data ... ok
test video_explorer_tests::quality_report_tests::prop_quality_report_has_ssim ... ok
test video_explorer_tests::quality_report_tests::test_quality_report_completeness ... ok
test video_explorer_tests::quality_thresholds_tests::test_default_thresholds ... ok
test video_explorer_tests::quality_thresholds_tests::test_ssim_range ... ok
test video_explorer_tests::quality_report_tests::prop_quality_report_vmaf_or_reason ... ok
test video_explorer_tests::smart_wall_collision_tests::prop_initial_step_calculation ... ok
test video_explorer_tests::smart_wall_collision_tests::prop_step_progression ... ok
test video_explorer_tests::smart_wall_collision_tests::test_quality_wall_exact_threshold ... ok
test video_explorer_tests::smart_wall_collision_tests::test_quality_wall_reset_on_high_gain ... ok
test video_explorer_tests::smart_wall_collision_tests::test_zero_gain_threshold_boundary ... ok
test video_explorer_tests::strategy_helper_tests::test_build_result_basic ... ok
test video_explorer_tests::strategy_helper_tests::test_build_result_with_ssim ... ok
test video_explorer_tests::strategy_helper_tests::test_can_compress ... ok
test video_explorer_tests::strategy_helper_tests::test_size_change_pct_calculation ... ok
test video_explorer_tests::strategy_helper_tests::test_ssim_result_helpers ... ok
test video_explorer_tests::three_phase_search_tests::prop_cache_key_unified ... ok
test video_explorer_tests::three_phase_search_tests::prop_gpu_cpu_dual_refinement ... ok
test video_explorer_tests::three_phase_search_tests::prop_gpu_vs_cpu_phase ... ok
test video_explorer_tests::three_phase_search_tests::prop_phase_progression ... ok
test video_explorer_tests::three_phase_search_tests::prop_search_phase_step_sizes ... ok
test video_explorer_tests::smart_wall_collision_tests::prop_quality_wall_detection ... ok
test video_explorer_tests::transparency_prop_tests::test_ssim_source_predicted_prefix ... ok
test video_explorer_tests::video_encoder_tests::test_av1_encoder ... ok
test video_explorer_tests::video_encoder_tests::test_extra_args ... ok
test video_explorer_tests::video_encoder_tests::test_h264_encoder ... ok
test video_explorer_tests::video_encoder_tests::test_hevc_encoder ... ok
test video_explorer_tests::transparency_prop_tests::prop_iteration_output_completeness ... ok
test video_explorer_tests::vmaf_enable_condition_tests::prop_vmaf_disabled_no_execution ... ok
test video_explorer_tests::vmaf_enable_condition_tests::test_vmaf_enable_edge_cases ... ok
test video_explorer_tests::vmaf_enable_condition_tests::prop_vmaf_enable_short_video ... ok
test video_explorer_tests::vmaf_long_video_tests::prop_force_vmaf_long_override ... ok
test video_explorer_tests::vmaf_long_video_tests::test_boundary_duration ... ok
test video_explorer_tests::vmaf_long_video_tests::prop_long_video_skip_vmaf ... ok
test video_explorer_tests::vmaf_ssim_synergy_tests::test_default_force_vmaf_long_is_false ... ok
test video_explorer_tests::vmaf_ssim_synergy_tests::test_long_video_threshold_constant ... ok
test video_quality_detector::tests::test_analyze_av1 ... ok
test video_quality_detector::tests::test_analyze_ffv1_lossless ... ok
test video_quality_detector::tests::test_analyze_h264_1080p ... ok
test video_quality_detector::tests::test_analyze_hevc_4k ... ok
test video_quality_detector::tests::test_analyze_prores ... ok
test video_quality_detector::tests::test_bpp_calculation_accuracy ... ok
test video_quality_detector::tests::test_bpp_uses_video_bitrate_when_available ... ok
test video_quality_detector::tests::test_chroma_detection ... ok
test video_quality_detector::tests::test_chroma_quality_factor ... ok
test video_explorer_tests::vmaf_ssim_synergy_tests::prop_vmaf_threshold_config ... ok
test video_quality_detector::tests::test_codec_type_inefficient ... ok
test video_quality_detector::tests::test_codec_type_intermediate ... ok
test video_quality_detector::tests::test_codec_type_lossless ... ok
test video_quality_detector::tests::test_codec_type_modern ... ok
test video_quality_detector::tests::test_compression_level_high_bpp ... ok
test video_quality_detector::tests::test_compression_level_lossless ... ok
test video_quality_detector::tests::test_compression_level_standard ... ok
test video_quality_detector::tests::test_compression_level_low_quality ... ok
test video_quality_detector::tests::test_confidence_longer_duration ... ok
test video_quality_detector::tests::test_confidence_with_gop_size ... ok
test video_quality_detector::tests::test_confidence_with_video_bitrate ... ok
test video_quality_detector::tests::test_crf_estimation_high_quality ... ok
test video_quality_detector::tests::test_consistency_same_input ... ok
test video_quality_detector::tests::test_crf_estimation_low_quality ... ok
test video_quality_detector::tests::test_crf_lossless_is_zero ... ok
test video_quality_detector::tests::test_extreme_high_bitrate ... ok
test video_quality_detector::tests::test_extreme_low_bitrate ... ok
test video_quality_detector::tests::test_fps_24_film ... ok
test video_quality_detector::tests::test_fps_120_high_refresh ... ok
test video_quality_detector::tests::test_fps_60_gaming ... ok
test video_quality_detector::tests::test_fps_fractional_ntsc ... ok
test video_quality_detector::tests::test_hdr_detection_bt2020 ... ok
test video_quality_detector::tests::test_hdr_detection_bt709_not_hdr ... ok
test video_quality_detector::tests::test_invalid_negative_duration ... ok
test video_quality_detector::tests::test_hdr_detection_none_not_hdr ... ok
test video_quality_detector::tests::test_invalid_zero_duration ... ok
test video_quality_detector::tests::test_invalid_negative_fps ... ok
test video_quality_detector::tests::test_invalid_zero_fps ... ok
test video_quality_detector::tests::test_invalid_zero_height ... ok
test video_quality_detector::tests::test_invalid_zero_width ... ok
test video_quality_detector::tests::test_resolution_4k_uhd ... ok
test video_quality_detector::tests::test_not_skip_legacy_codecs ... ok
test video_quality_detector::tests::test_resolution_8k ... ok
test video_quality_detector::tests::test_resolution_hd_720p ... ok
test video_quality_detector::tests::test_resolution_sd_480p ... ok
test video_quality_detector::tests::test_resolution_vertical_video ... ok
test video_quality_detector::tests::test_resolution_square ... ok
test video_quality_detector::tests::test_routing_h264_to_av1 ... ok
test video_quality_detector::tests::test_routing_lossless_to_ffv1 ... ok
test video_quality_detector::tests::test_routing_prores_to_av1 ... ok
test video_quality_detector::tests::test_routing_skip_modern ... ok
test video_quality_detector::tests::test_skip_modern_codecs ... ok
test video_quality_detector::tests::test_strict_bpp_formula ... ok
test video_quality_detector::tests::test_strict_frame_count ... ok
test video_quality_detector::tests::test_strict_legacy_never_skip ... ok
test video_quality_detector::tests::test_strict_modern_always_skip ... ok
test video_quality_detector::tests::test_to_quality_analysis_conversion ... ok
test xmp_merger::tests::test_case_insensitive_match ... ok
test xmp_merger::tests::test_direct_match_strategy ... ok
test xmp_merger::tests::test_find_xmp_files ... ok
test xmp_merger::tests::test_fuzzy_match_special_chars ... ok
test xmp_merger::tests::test_is_uuid_filename ... ok
test xmp_merger::tests::test_normalize_filename ... ok
test xmp_merger::tests::test_raw_format_match ... ok
test xmp_merger::tests::test_same_name_different_ext_strategy ... ok
test xmp_merger::tests::test_spaces_in_filename ... ok
test xmp_merger::tests::test_unicode_filename ... ok
test universal_heartbeat::tests::test_heartbeat_guard ... ok
test gpu_accel::tests::test_gpu_detection ... ok
test x265_encoder::tests::test_x265_available ... ok
test realtime_progress::tests::test_simple_iteration_progress ... ok
test msssim_heartbeat::tests::test_heartbeat_drop ... ok
test msssim_heartbeat::tests::test_heartbeat_start_stop ... ok
test lru_cache::prop_tests::prop_lru_eviction_correctness ... ok
test msssim_heartbeat::tests::test_heartbeat_output ... ok
test msssim_heartbeat::tests::test_multiple_heartbeats ... ok

failures:

---- crf_constants::tests::test_av1_practical_max stdout ----

thread 'crf_constants::tests::test_av1_practical_max' panicked at shared_utils/src/crf_constants.rs:151:9:
assertion `left == right` failed
  left: 45.0
 right: 55.0
note: run with `RUST_BACKTRACE=1` environment variable to display a backtrace

---- crf_constants::tests::test_hevc_practical_max stdout ----

thread 'crf_constants::tests::test_hevc_practical_max' panicked at shared_utils/src/crf_constants.rs:145:9:
assertion `left == right` failed
  left: 32.0
 right: 45.0

---- video_explorer_tests::constants_tests::test_crf_bounds stdout ----
 PANIC occurred!
   Message: assertion `left == right` failed
  left: 51.0
 right: 63.0
   Location: shared_utils/src/video_explorer_tests.rs:12:9
   This is a bug! Please report it.

thread 'video_explorer_tests::constants_tests::test_crf_bounds' panicked at shared_utils/src/video_explorer_tests.rs:12:9:
assertion `left == right` failed
  left: 51.0
 right: 63.0

---- video_explorer_tests::edge_case_tests::test_extreme_crf_values stdout ----
 PANIC occurred!
   Message: assertion `left == right` failed
  left: 10.0
 right: 0.0
   Location: shared_utils/src/video_explorer_tests.rs:264:9
   This is a bug! Please report it.

thread 'video_explorer_tests::edge_case_tests::test_extreme_crf_values' panicked at shared_utils/src/video_explorer_tests.rs:264:9:
assertion `left == right` failed
  left: 10.0
 right: 0.0


failures:
    crf_constants::tests::test_av1_practical_max
    crf_constants::tests::test_hevc_practical_max
    video_explorer_tests::constants_tests::test_crf_bounds
    video_explorer_tests::edge_case_tests::test_extreme_crf_values

test result: FAILED. 731 passed; 4 failed; 0 ignored; 0 measured; 0 filtered out; finished in 2.36s

error: test failed, to rerun pass `-p shared_utils --lib`
